[0.067s] DEBUG:colcon:Command line arguments: ['/usr/bin/colcon', 'build']
[0.068s] DEBUG:colcon:Parsed command line arguments: Namespace(log_base=None, log_level=None, verb_name='build', build_base='build', install_base='install', merge_install=False, symlink_install=False, test_result_base=None, continue_on_error=False, executor='parallel', parallel_workers=12, event_handlers=None, ignore_user_meta=False, metas=['./colcon.meta'], base_paths=['.'], packages_ignore=None, packages_ignore_regex=None, paths=None, packages_up_to=None, packages_up_to_regex=None, packages_above=None, packages_above_and_dependencies=None, packages_above_depth=None, packages_select_by_dep=None, packages_skip_by_dep=None, packages_skip_up_to=None, packages_select_build_failed=False, packages_skip_build_finished=False, packages_select_test_failures=False, packages_skip_test_passed=False, packages_select=None, packages_skip=None, packages_select_regex=None, packages_skip_regex=None, packages_start=None, packages_end=None, allow_overriding=[], cmake_args=None, cmake_target=None, cmake_target_skip_unavailable=False, cmake_clean_cache=False, cmake_clean_first=False, cmake_force_configure=False, ament_cmake_args=None, catkin_cmake_args=None, catkin_skip_building_tests=False, mixin_files=None, mixin=None, verb_parser=<colcon_mixin.mixin.mixin_argument.MixinArgumentDecorator object at 0x78a2d11d6e90>, verb_extension=<colcon_core.verb.build.BuildVerb object at 0x78a2d13285e0>, main=<bound method BuildVerb.main of <colcon_core.verb.build.BuildVerb object at 0x78a2d13285e0>>, mixin_verb=('build',))
[0.154s] Level 1:colcon.colcon_core.package_discovery:discover_packages(colcon_meta) check parameters
[0.154s] Level 1:colcon.colcon_core.package_discovery:discover_packages(recursive) check parameters
[0.154s] Level 1:colcon.colcon_core.package_discovery:discover_packages(ignore) check parameters
[0.154s] Level 1:colcon.colcon_core.package_discovery:discover_packages(path) check parameters
[0.154s] Level 1:colcon.colcon_core.package_discovery:discover_packages(colcon_meta) discover
[0.154s] Level 1:colcon.colcon_core.package_discovery:discover_packages(recursive) discover
[0.154s] INFO:colcon.colcon_core.package_discovery:Crawling recursively for packages in '/home/liu/sim_ws'
[0.154s] Level 1:colcon.colcon_core.package_identification:_identify(.) by extensions ['ignore', 'ignore_ament_install']
[0.154s] Level 1:colcon.colcon_core.package_identification:_identify(.) by extension 'ignore'
[0.154s] Level 1:colcon.colcon_core.package_identification:_identify(.) by extension 'ignore_ament_install'
[0.155s] Level 1:colcon.colcon_core.package_identification:_identify(.) by extensions ['colcon_pkg']
[0.155s] Level 1:colcon.colcon_core.package_identification:_identify(.) by extension 'colcon_pkg'
[0.155s] Level 1:colcon.colcon_core.package_identification:_identify(.) by extensions ['colcon_meta']
[0.155s] Level 1:colcon.colcon_core.package_identification:_identify(.) by extension 'colcon_meta'
[0.155s] Level 1:colcon.colcon_core.package_identification:_identify(.) by extensions ['ros']
[0.155s] Level 1:colcon.colcon_core.package_identification:_identify(.) by extension 'ros'
[0.161s] Level 1:colcon.colcon_core.package_identification:_identify(.) by extensions ['cmake', 'python']
[0.161s] Level 1:colcon.colcon_core.package_identification:_identify(.) by extension 'cmake'
[0.161s] Level 1:colcon.colcon_core.package_identification:_identify(.) by extension 'python'
[0.161s] Level 1:colcon.colcon_core.package_identification:_identify(.) by extensions ['python_setup_py']
[0.161s] Level 1:colcon.colcon_core.package_identification:_identify(.) by extension 'python_setup_py'
[0.161s] Level 1:colcon.colcon_core.package_identification:_identify(build) by extensions ['ignore', 'ignore_ament_install']
[0.161s] Level 1:colcon.colcon_core.package_identification:_identify(build) by extension 'ignore'
[0.161s] Level 1:colcon.colcon_core.package_identification:_identify(build) ignored
[0.161s] Level 1:colcon.colcon_core.package_identification:_identify(install) by extensions ['ignore', 'ignore_ament_install']
[0.161s] Level 1:colcon.colcon_core.package_identification:_identify(install) by extension 'ignore'
[0.161s] Level 1:colcon.colcon_core.package_identification:_identify(install) ignored
[0.161s] Level 1:colcon.colcon_core.package_identification:_identify(log) by extensions ['ignore', 'ignore_ament_install']
[0.161s] Level 1:colcon.colcon_core.package_identification:_identify(log) by extension 'ignore'
[0.161s] Level 1:colcon.colcon_core.package_identification:_identify(log) ignored
[0.161s] Level 1:colcon.colcon_core.package_identification:_identify(src) by extensions ['ignore', 'ignore_ament_install']
[0.162s] Level 1:colcon.colcon_core.package_identification:_identify(src) by extension 'ignore'
[0.162s] Level 1:colcon.colcon_core.package_identification:_identify(src) by extension 'ignore_ament_install'
[0.162s] Level 1:colcon.colcon_core.package_identification:_identify(src) by extensions ['colcon_pkg']
[0.162s] Level 1:colcon.colcon_core.package_identification:_identify(src) by extension 'colcon_pkg'
[0.162s] Level 1:colcon.colcon_core.package_identification:_identify(src) by extensions ['colcon_meta']
[0.162s] Level 1:colcon.colcon_core.package_identification:_identify(src) by extension 'colcon_meta'
[0.162s] Level 1:colcon.colcon_core.package_identification:_identify(src) by extensions ['ros']
[0.162s] Level 1:colcon.colcon_core.package_identification:_identify(src) by extension 'ros'
[0.162s] Level 1:colcon.colcon_core.package_identification:_identify(src) by extensions ['cmake', 'python']
[0.162s] Level 1:colcon.colcon_core.package_identification:_identify(src) by extension 'cmake'
[0.162s] Level 1:colcon.colcon_core.package_identification:_identify(src) by extension 'python'
[0.162s] Level 1:colcon.colcon_core.package_identification:_identify(src) by extensions ['python_setup_py']
[0.162s] Level 1:colcon.colcon_core.package_identification:_identify(src) by extension 'python_setup_py'
[0.162s] Level 1:colcon.colcon_core.package_identification:_identify(src/commutils) by extensions ['ignore', 'ignore_ament_install']
[0.162s] Level 1:colcon.colcon_core.package_identification:_identify(src/commutils) by extension 'ignore'
[0.162s] Level 1:colcon.colcon_core.package_identification:_identify(src/commutils) by extension 'ignore_ament_install'
[0.162s] Level 1:colcon.colcon_core.package_identification:_identify(src/commutils) by extensions ['colcon_pkg']
[0.162s] Level 1:colcon.colcon_core.package_identification:_identify(src/commutils) by extension 'colcon_pkg'
[0.162s] Level 1:colcon.colcon_core.package_identification:_identify(src/commutils) by extensions ['colcon_meta']
[0.162s] Level 1:colcon.colcon_core.package_identification:_identify(src/commutils) by extension 'colcon_meta'
[0.162s] Level 1:colcon.colcon_core.package_identification:_identify(src/commutils) by extensions ['ros']
[0.162s] Level 1:colcon.colcon_core.package_identification:_identify(src/commutils) by extension 'ros'
[0.162s] Level 1:colcon.colcon_core.package_identification:_identify(src/commutils) by extensions ['cmake', 'python']
[0.162s] Level 1:colcon.colcon_core.package_identification:_identify(src/commutils) by extension 'cmake'
[0.163s] Level 1:colcon.colcon_core.package_identification:_identify(src/commutils) by extension 'python'
[0.163s] DEBUG:colcon.colcon_core.package_identification:Package 'src/commutils' with type 'cmake' and name 'commutils'
[0.163s] Level 1:colcon.colcon_core.package_identification:_identify(src/legarm_wbc) by extensions ['ignore', 'ignore_ament_install']
[0.163s] Level 1:colcon.colcon_core.package_identification:_identify(src/legarm_wbc) by extension 'ignore'
[0.163s] Level 1:colcon.colcon_core.package_identification:_identify(src/legarm_wbc) by extension 'ignore_ament_install'
[0.163s] Level 1:colcon.colcon_core.package_identification:_identify(src/legarm_wbc) by extensions ['colcon_pkg']
[0.163s] Level 1:colcon.colcon_core.package_identification:_identify(src/legarm_wbc) by extension 'colcon_pkg'
[0.163s] Level 1:colcon.colcon_core.package_identification:_identify(src/legarm_wbc) by extensions ['colcon_meta']
[0.163s] Level 1:colcon.colcon_core.package_identification:_identify(src/legarm_wbc) by extension 'colcon_meta'
[0.163s] Level 1:colcon.colcon_core.package_identification:_identify(src/legarm_wbc) by extensions ['ros']
[0.163s] Level 1:colcon.colcon_core.package_identification:_identify(src/legarm_wbc) by extension 'ros'
[0.163s] Level 1:colcon.colcon_core.package_identification:_identify(src/legarm_wbc) by extensions ['cmake', 'python']
[0.163s] Level 1:colcon.colcon_core.package_identification:_identify(src/legarm_wbc) by extension 'cmake'
[0.164s] Level 1:colcon.colcon_core.package_identification:_identify(src/legarm_wbc) by extension 'python'
[0.164s] DEBUG:colcon.colcon_core.package_identification:Package 'src/legarm_wbc' with type 'cmake' and name 'legarm_wbc'
[0.164s] Level 1:colcon.colcon_core.package_identification:_identify(src/mjcsim) by extensions ['ignore', 'ignore_ament_install']
[0.164s] Level 1:colcon.colcon_core.package_identification:_identify(src/mjcsim) by extension 'ignore'
[0.164s] Level 1:colcon.colcon_core.package_identification:_identify(src/mjcsim) by extension 'ignore_ament_install'
[0.164s] Level 1:colcon.colcon_core.package_identification:_identify(src/mjcsim) by extensions ['colcon_pkg']
[0.164s] Level 1:colcon.colcon_core.package_identification:_identify(src/mjcsim) by extension 'colcon_pkg'
[0.164s] Level 1:colcon.colcon_core.package_identification:_identify(src/mjcsim) by extensions ['colcon_meta']
[0.164s] Level 1:colcon.colcon_core.package_identification:_identify(src/mjcsim) by extension 'colcon_meta'
[0.164s] Level 1:colcon.colcon_core.package_identification:_identify(src/mjcsim) by extensions ['ros']
[0.164s] Level 1:colcon.colcon_core.package_identification:_identify(src/mjcsim) by extension 'ros'
[0.164s] Level 1:colcon.colcon_core.package_identification:_identify(src/mjcsim) by extensions ['cmake', 'python']
[0.164s] Level 1:colcon.colcon_core.package_identification:_identify(src/mjcsim) by extension 'cmake'
[0.164s] Level 1:colcon.colcon_core.package_identification:_identify(src/mjcsim) by extension 'python'
[0.164s] DEBUG:colcon.colcon_core.package_identification:Python package in 'src/mjcsim' passes arguments to the setup() function which requires a different identification extension than 'python'
[0.164s] Level 1:colcon.colcon_core.package_identification:_identify(src/mjcsim) by extensions ['python_setup_py']
[0.164s] Level 1:colcon.colcon_core.package_identification:_identify(src/mjcsim) by extension 'python_setup_py'
[0.299s] DEBUG:colcon.colcon_core.package_identification:Package 'src/mjcsim' with type 'python' and name 'mjcsim'
[0.299s] Level 1:colcon.colcon_core.package_discovery:discover_packages(recursive) using defaults
[0.299s] Level 1:colcon.colcon_core.package_discovery:discover_packages(ignore) discover
[0.299s] Level 1:colcon.colcon_core.package_discovery:discover_packages(ignore) using defaults
[0.299s] Level 1:colcon.colcon_core.package_discovery:discover_packages(path) discover
[0.299s] Level 1:colcon.colcon_core.package_discovery:discover_packages(path) using defaults
[0.316s] Level 1:colcon.colcon_core.package_discovery:discover_packages(prefix_path) check parameters
[0.316s] Level 1:colcon.colcon_core.package_discovery:discover_packages(prefix_path) discover
[0.317s] WARNING:colcon.colcon_ros.prefix_path.catkin:The path '/home/liu/sim_ws/install/commutils' in the environment variable CMAKE_PREFIX_PATH doesn't exist
[0.317s] DEBUG:colcon.colcon_installed_package_information.package_discovery:Found 0 installed packages in /home/liu/sim_ws/install
[0.318s] DEBUG:colcon.colcon_installed_package_information.package_discovery:Found 343 installed packages in /opt/ros/humble
[0.319s] Level 1:colcon.colcon_core.package_discovery:discover_packages(prefix_path) using defaults
[0.343s] Level 5:colcon.colcon_core.verb:set package 'commutils' build argument 'cmake_args' from command line to 'None'
[0.343s] Level 5:colcon.colcon_core.verb:set package 'commutils' build argument 'cmake_target' from command line to 'None'
[0.343s] Level 5:colcon.colcon_core.verb:set package 'commutils' build argument 'cmake_target_skip_unavailable' from command line to 'False'
[0.343s] Level 5:colcon.colcon_core.verb:set package 'commutils' build argument 'cmake_clean_cache' from command line to 'False'
[0.343s] Level 5:colcon.colcon_core.verb:set package 'commutils' build argument 'cmake_clean_first' from command line to 'False'
[0.343s] Level 5:colcon.colcon_core.verb:set package 'commutils' build argument 'cmake_force_configure' from command line to 'False'
[0.343s] Level 5:colcon.colcon_core.verb:set package 'commutils' build argument 'ament_cmake_args' from command line to 'None'
[0.343s] Level 5:colcon.colcon_core.verb:set package 'commutils' build argument 'catkin_cmake_args' from command line to 'None'
[0.343s] Level 5:colcon.colcon_core.verb:set package 'commutils' build argument 'catkin_skip_building_tests' from command line to 'False'
[0.343s] DEBUG:colcon.colcon_core.verb:Building package 'commutils' with the following arguments: {'ament_cmake_args': None, 'build_base': '/home/liu/sim_ws/build/commutils', 'catkin_cmake_args': None, 'catkin_skip_building_tests': False, 'cmake_args': None, 'cmake_clean_cache': False, 'cmake_clean_first': False, 'cmake_force_configure': False, 'cmake_target': None, 'cmake_target_skip_unavailable': False, 'install_base': '/home/liu/sim_ws/install/commutils', 'merge_install': False, 'path': '/home/liu/sim_ws/src/commutils', 'symlink_install': False, 'test_result_base': None}
[0.343s] Level 5:colcon.colcon_core.verb:set package 'legarm_wbc' build argument 'cmake_args' from command line to 'None'
[0.343s] Level 5:colcon.colcon_core.verb:set package 'legarm_wbc' build argument 'cmake_target' from command line to 'None'
[0.343s] Level 5:colcon.colcon_core.verb:set package 'legarm_wbc' build argument 'cmake_target_skip_unavailable' from command line to 'False'
[0.343s] Level 5:colcon.colcon_core.verb:set package 'legarm_wbc' build argument 'cmake_clean_cache' from command line to 'False'
[0.343s] Level 5:colcon.colcon_core.verb:set package 'legarm_wbc' build argument 'cmake_clean_first' from command line to 'False'
[0.343s] Level 5:colcon.colcon_core.verb:set package 'legarm_wbc' build argument 'cmake_force_configure' from command line to 'False'
[0.343s] Level 5:colcon.colcon_core.verb:set package 'legarm_wbc' build argument 'ament_cmake_args' from command line to 'None'
[0.343s] Level 5:colcon.colcon_core.verb:set package 'legarm_wbc' build argument 'catkin_cmake_args' from command line to 'None'
[0.343s] Level 5:colcon.colcon_core.verb:set package 'legarm_wbc' build argument 'catkin_skip_building_tests' from command line to 'False'
[0.343s] DEBUG:colcon.colcon_core.verb:Building package 'legarm_wbc' with the following arguments: {'ament_cmake_args': None, 'build_base': '/home/liu/sim_ws/build/legarm_wbc', 'catkin_cmake_args': None, 'catkin_skip_building_tests': False, 'cmake_args': None, 'cmake_clean_cache': False, 'cmake_clean_first': False, 'cmake_force_configure': False, 'cmake_target': None, 'cmake_target_skip_unavailable': False, 'install_base': '/home/liu/sim_ws/install/legarm_wbc', 'merge_install': False, 'path': '/home/liu/sim_ws/src/legarm_wbc', 'symlink_install': False, 'test_result_base': None}
[0.344s] Level 5:colcon.colcon_core.verb:set package 'mjcsim' build argument 'cmake_args' from command line to 'None'
[0.344s] Level 5:colcon.colcon_core.verb:set package 'mjcsim' build argument 'cmake_target' from command line to 'None'
[0.344s] Level 5:colcon.colcon_core.verb:set package 'mjcsim' build argument 'cmake_target_skip_unavailable' from command line to 'False'
[0.344s] Level 5:colcon.colcon_core.verb:set package 'mjcsim' build argument 'cmake_clean_cache' from command line to 'False'
[0.344s] Level 5:colcon.colcon_core.verb:set package 'mjcsim' build argument 'cmake_clean_first' from command line to 'False'
[0.344s] Level 5:colcon.colcon_core.verb:set package 'mjcsim' build argument 'cmake_force_configure' from command line to 'False'
[0.344s] Level 5:colcon.colcon_core.verb:set package 'mjcsim' build argument 'ament_cmake_args' from command line to 'None'
[0.344s] Level 5:colcon.colcon_core.verb:set package 'mjcsim' build argument 'catkin_cmake_args' from command line to 'None'
[0.344s] Level 5:colcon.colcon_core.verb:set package 'mjcsim' build argument 'catkin_skip_building_tests' from command line to 'False'
[0.344s] DEBUG:colcon.colcon_core.verb:Building package 'mjcsim' with the following arguments: {'ament_cmake_args': None, 'build_base': '/home/liu/sim_ws/build/mjcsim', 'catkin_cmake_args': None, 'catkin_skip_building_tests': False, 'cmake_args': None, 'cmake_clean_cache': False, 'cmake_clean_first': False, 'cmake_force_configure': False, 'cmake_target': None, 'cmake_target_skip_unavailable': False, 'install_base': '/home/liu/sim_ws/install/mjcsim', 'merge_install': False, 'path': '/home/liu/sim_ws/src/mjcsim', 'symlink_install': False, 'test_result_base': None}
[0.344s] INFO:colcon.colcon_core.executor:Executing jobs using 'parallel' executor
[0.344s] DEBUG:colcon.colcon_parallel_executor.executor.parallel:run_until_complete
[0.344s] INFO:colcon.colcon_cmake.task.cmake.build:Building CMake package in '/home/liu/sim_ws/src/commutils'
[0.346s] INFO:colcon.colcon_core.plugin_system:Skipping extension 'colcon_core.shell.bat': Not used on non-Windows systems
[0.346s] INFO:colcon.colcon_core.shell:Skip shell extension 'powershell' for command environment: Not usable outside of PowerShell
[0.346s] DEBUG:colcon.colcon_core.shell:Skip shell extension 'dsv' for command environment
[0.348s] INFO:colcon.colcon_cmake.task.cmake.build:Building CMake package in '/home/liu/sim_ws/src/legarm_wbc'
[0.348s] INFO:colcon.colcon_core.shell:Skip shell extension 'powershell' for command environment: Not usable outside of PowerShell
[0.348s] DEBUG:colcon.colcon_core.shell:Skip shell extension 'dsv' for command environment
[0.349s] INFO:colcon.colcon_core.task.python.build:Building Python package in '/home/liu/sim_ws/src/mjcsim'
[0.349s] INFO:colcon.colcon_core.shell:Skip shell extension 'powershell' for command environment: Not usable outside of PowerShell
[0.349s] DEBUG:colcon.colcon_core.shell:Skip shell extension 'dsv' for command environment
[0.353s] DEBUG:colcon.colcon_core.event_handler.log_command:Invoking command in '/home/liu/sim_ws/build/commutils': CONDA_PROMPT_MODIFIER=(mujoco) /usr/bin/cmake /home/liu/sim_ws/src/commutils -DCMAKE_INSTALL_PREFIX=/home/liu/sim_ws/install/commutils
[0.355s] DEBUG:colcon.colcon_core.event_handler.log_command:Invoking command in '/home/liu/sim_ws/build/legarm_wbc': CONDA_PROMPT_MODIFIER=(mujoco) /usr/bin/cmake /home/liu/sim_ws/src/legarm_wbc -DCMAKE_INSTALL_PREFIX=/home/liu/sim_ws/install/legarm_wbc
[0.657s] DEBUG:colcon.colcon_core.event_handler.log_command:Invoked command in '/home/liu/sim_ws/build/legarm_wbc' returned '0': CONDA_PROMPT_MODIFIER=(mujoco) /usr/bin/cmake /home/liu/sim_ws/src/legarm_wbc -DCMAKE_INSTALL_PREFIX=/home/liu/sim_ws/install/legarm_wbc
[0.658s] DEBUG:colcon.colcon_core.event_handler.log_command:Invoking command in '/home/liu/sim_ws/build/legarm_wbc': CONDA_PROMPT_MODIFIER=(mujoco) /usr/bin/cmake --build /home/liu/sim_ws/build/legarm_wbc -- -j12 -l12
[0.680s] DEBUG:colcon.colcon_core.event_handler.log_command:Invoked command in '/home/liu/sim_ws/build/legarm_wbc' returned '0': CONDA_PROMPT_MODIFIER=(mujoco) /usr/bin/cmake --build /home/liu/sim_ws/build/legarm_wbc -- -j12 -l12
[0.685s] DEBUG:colcon.colcon_core.event_handler.log_command:Invoking command in '/home/liu/sim_ws/build/legarm_wbc': CONDA_PROMPT_MODIFIER=(mujoco) /usr/bin/cmake --install /home/liu/sim_ws/build/legarm_wbc
[0.691s] Level 1:colcon.colcon_core.environment:create_environment_scripts_only(legarm_wbc)
[0.691s] DEBUG:colcon.colcon_core.event_handler.log_command:Invoked command in '/home/liu/sim_ws/build/legarm_wbc' returned '0': CONDA_PROMPT_MODIFIER=(mujoco) /usr/bin/cmake --install /home/liu/sim_ws/build/legarm_wbc
[0.692s] Level 1:colcon.colcon_core.environment:checking '/home/liu/sim_ws/install/legarm_wbc' for CMake module files
[0.692s] Level 1:colcon.colcon_core.environment:checking '/home/liu/sim_ws/install/legarm_wbc' for CMake config files
[0.693s] Level 1:colcon.colcon_core.environment:checking '/home/liu/sim_ws/install/legarm_wbc/lib'
[0.693s] Level 1:colcon.colcon_core.environment:checking '/home/liu/sim_ws/install/legarm_wbc/bin'
[0.693s] Level 1:colcon.colcon_core.environment:checking '/home/liu/sim_ws/install/legarm_wbc/lib/pkgconfig/legarm_wbc.pc'
[0.693s] Level 1:colcon.colcon_core.environment:checking '/home/liu/sim_ws/install/legarm_wbc/lib/python3.10/site-packages'
[0.693s] Level 1:colcon.colcon_core.shell:create_environment_hook('legarm_wbc', 'pythonpath')
[0.693s] INFO:colcon.colcon_core.shell:Creating environment hook '/home/liu/sim_ws/install/legarm_wbc/share/legarm_wbc/hook/pythonpath.ps1'
[0.693s] INFO:colcon.colcon_core.shell:Creating environment descriptor '/home/liu/sim_ws/install/legarm_wbc/share/legarm_wbc/hook/pythonpath.dsv'
[0.694s] INFO:colcon.colcon_core.shell:Creating environment hook '/home/liu/sim_ws/install/legarm_wbc/share/legarm_wbc/hook/pythonpath.sh'
[0.694s] Level 1:colcon.colcon_core.environment:checking '/home/liu/sim_ws/install/legarm_wbc/bin'
[0.694s] INFO:colcon.colcon_core.shell:Creating package script '/home/liu/sim_ws/install/legarm_wbc/share/legarm_wbc/package.ps1'
[0.695s] INFO:colcon.colcon_core.shell:Creating package descriptor '/home/liu/sim_ws/install/legarm_wbc/share/legarm_wbc/package.dsv'
[0.695s] INFO:colcon.colcon_core.shell:Creating package script '/home/liu/sim_ws/install/legarm_wbc/share/legarm_wbc/package.sh'
[0.695s] INFO:colcon.colcon_core.shell:Creating package script '/home/liu/sim_ws/install/legarm_wbc/share/legarm_wbc/package.bash'
[0.696s] INFO:colcon.colcon_core.shell:Creating package script '/home/liu/sim_ws/install/legarm_wbc/share/legarm_wbc/package.zsh'
[0.696s] Level 1:colcon.colcon_core.environment:create_file_with_runtime_dependencies(/home/liu/sim_ws/install/legarm_wbc/share/colcon-core/packages/legarm_wbc)
[0.712s] DEBUG:colcon.colcon_core.event_handler.log_command:Invoking command in '/home/liu/sim_ws/src/mjcsim': CONDA_PROMPT_MODIFIER=(mujoco) PYTHONPATH=/home/liu/sim_ws/build/mjcsim/prefix_override:/usr/lib/python3/dist-packages/colcon_core/task/python/colcon_distutils_commands:/home/liu/sim_ws/install/mjcsim/lib/python3.10/site-packages:${PYTHONPATH} /usr/bin/python3 -W ignore:setup.py install is deprecated -W ignore:easy_install command is deprecated setup.py egg_info --egg-base ../../build/mjcsim build --build-base /home/liu/sim_ws/build/mjcsim/build install --record /home/liu/sim_ws/build/mjcsim/install.log --single-version-externally-managed
[0.763s] DEBUG:colcon.colcon_core.event_handler.log_command:Invoked command in '/home/liu/sim_ws/build/commutils' returned '0': CONDA_PROMPT_MODIFIER=(mujoco) /usr/bin/cmake /home/liu/sim_ws/src/commutils -DCMAKE_INSTALL_PREFIX=/home/liu/sim_ws/install/commutils
[0.764s] DEBUG:colcon.colcon_core.event_handler.log_command:Invoking command in '/home/liu/sim_ws/build/commutils': CONDA_PROMPT_MODIFIER=(mujoco) /usr/bin/cmake --build /home/liu/sim_ws/build/commutils -- -j12 -l12
[0.889s] Level 1:colcon.colcon_core.environment:checking '/home/liu/sim_ws/install/mjcsim' for CMake module files
[0.889s] DEBUG:colcon.colcon_core.event_handler.log_command:Invoked command in '/home/liu/sim_ws/src/mjcsim' returned '0': CONDA_PROMPT_MODIFIER=(mujoco) PYTHONPATH=/home/liu/sim_ws/build/mjcsim/prefix_override:/usr/lib/python3/dist-packages/colcon_core/task/python/colcon_distutils_commands:/home/liu/sim_ws/install/mjcsim/lib/python3.10/site-packages:${PYTHONPATH} /usr/bin/python3 -W ignore:setup.py install is deprecated -W ignore:easy_install command is deprecated setup.py egg_info --egg-base ../../build/mjcsim build --build-base /home/liu/sim_ws/build/mjcsim/build install --record /home/liu/sim_ws/build/mjcsim/install.log --single-version-externally-managed
[0.889s] Level 1:colcon.colcon_core.environment:checking '/home/liu/sim_ws/install/mjcsim' for CMake config files
[0.890s] Level 1:colcon.colcon_core.environment:checking '/home/liu/sim_ws/install/mjcsim/lib'
[0.890s] Level 1:colcon.colcon_core.environment:checking '/home/liu/sim_ws/install/mjcsim/bin'
[0.890s] Level 1:colcon.colcon_core.environment:checking '/home/liu/sim_ws/install/mjcsim/lib/pkgconfig/mjcsim.pc'
[0.890s] Level 1:colcon.colcon_core.environment:checking '/home/liu/sim_ws/install/mjcsim/lib/python3.10/site-packages'
[0.890s] Level 1:colcon.colcon_core.shell:create_environment_hook('mjcsim', 'pythonpath')
[0.890s] INFO:colcon.colcon_core.shell:Creating environment hook '/home/liu/sim_ws/install/mjcsim/share/mjcsim/hook/pythonpath.ps1'
[0.890s] INFO:colcon.colcon_core.shell:Creating environment descriptor '/home/liu/sim_ws/install/mjcsim/share/mjcsim/hook/pythonpath.dsv'
[0.890s] INFO:colcon.colcon_core.shell:Creating environment hook '/home/liu/sim_ws/install/mjcsim/share/mjcsim/hook/pythonpath.sh'
[0.891s] Level 1:colcon.colcon_core.environment:checking '/home/liu/sim_ws/install/mjcsim/bin'
[0.891s] Level 1:colcon.colcon_core.environment:create_environment_scripts_only(mjcsim)
[0.891s] INFO:colcon.colcon_core.shell:Creating package script '/home/liu/sim_ws/install/mjcsim/share/mjcsim/package.ps1'
[0.891s] INFO:colcon.colcon_core.shell:Creating package descriptor '/home/liu/sim_ws/install/mjcsim/share/mjcsim/package.dsv'
[0.892s] INFO:colcon.colcon_core.shell:Creating package script '/home/liu/sim_ws/install/mjcsim/share/mjcsim/package.sh'
[0.892s] INFO:colcon.colcon_core.shell:Creating package script '/home/liu/sim_ws/install/mjcsim/share/mjcsim/package.bash'
[0.892s] INFO:colcon.colcon_core.shell:Creating package script '/home/liu/sim_ws/install/mjcsim/share/mjcsim/package.zsh'
[0.892s] Level 1:colcon.colcon_core.environment:create_file_with_runtime_dependencies(/home/liu/sim_ws/install/mjcsim/share/colcon-core/packages/mjcsim)
[3.027s] DEBUG:colcon.colcon_core.event_handler.log_command:Invoked command in '/home/liu/sim_ws/build/commutils' returned '0': CONDA_PROMPT_MODIFIER=(mujoco) /usr/bin/cmake --build /home/liu/sim_ws/build/commutils -- -j12 -l12
[3.028s] DEBUG:colcon.colcon_core.event_handler.log_command:Invoking command in '/home/liu/sim_ws/build/commutils': CONDA_PROMPT_MODIFIER=(mujoco) /usr/bin/cmake --install /home/liu/sim_ws/build/commutils
[3.032s] Level 1:colcon.colcon_core.environment:create_environment_scripts_only(commutils)
[3.033s] Level 1:colcon.colcon_core.environment:checking '/home/liu/sim_ws/install/commutils' for CMake module files
[3.033s] DEBUG:colcon.colcon_core.event_handler.log_command:Invoked command in '/home/liu/sim_ws/build/commutils' returned '0': CONDA_PROMPT_MODIFIER=(mujoco) /usr/bin/cmake --install /home/liu/sim_ws/build/commutils
[3.033s] Level 1:colcon.colcon_core.environment:checking '/home/liu/sim_ws/install/commutils' for CMake config files
[3.033s] Level 1:colcon.colcon_core.shell:create_environment_hook('commutils', 'cmake_prefix_path')
[3.033s] INFO:colcon.colcon_core.shell:Creating environment hook '/home/liu/sim_ws/install/commutils/share/commutils/hook/cmake_prefix_path.ps1'
[3.034s] INFO:colcon.colcon_core.shell:Creating environment descriptor '/home/liu/sim_ws/install/commutils/share/commutils/hook/cmake_prefix_path.dsv'
[3.034s] INFO:colcon.colcon_core.shell:Creating environment hook '/home/liu/sim_ws/install/commutils/share/commutils/hook/cmake_prefix_path.sh'
[3.034s] Level 1:colcon.colcon_core.environment:checking '/home/liu/sim_ws/install/commutils/lib'
[3.034s] Level 1:colcon.colcon_core.environment:checking '/home/liu/sim_ws/install/commutils/bin'
[3.034s] Level 1:colcon.colcon_core.environment:checking '/home/liu/sim_ws/install/commutils/lib/pkgconfig/commutils.pc'
[3.034s] Level 1:colcon.colcon_core.environment:checking '/home/liu/sim_ws/install/commutils/lib/python3.10/site-packages'
[3.034s] Level 1:colcon.colcon_core.shell:create_environment_hook('commutils', 'pythonpath')
[3.034s] INFO:colcon.colcon_core.shell:Creating environment hook '/home/liu/sim_ws/install/commutils/share/commutils/hook/pythonpath.ps1'
[3.035s] INFO:colcon.colcon_core.shell:Creating environment descriptor '/home/liu/sim_ws/install/commutils/share/commutils/hook/pythonpath.dsv'
[3.035s] INFO:colcon.colcon_core.shell:Creating environment hook '/home/liu/sim_ws/install/commutils/share/commutils/hook/pythonpath.sh'
[3.035s] Level 1:colcon.colcon_core.environment:checking '/home/liu/sim_ws/install/commutils/bin'
[3.035s] INFO:colcon.colcon_core.shell:Creating package script '/home/liu/sim_ws/install/commutils/share/commutils/package.ps1'
[3.036s] INFO:colcon.colcon_core.shell:Creating package descriptor '/home/liu/sim_ws/install/commutils/share/commutils/package.dsv'
[3.036s] INFO:colcon.colcon_core.shell:Creating package script '/home/liu/sim_ws/install/commutils/share/commutils/package.sh'
[3.036s] INFO:colcon.colcon_core.shell:Creating package script '/home/liu/sim_ws/install/commutils/share/commutils/package.bash'
[3.036s] INFO:colcon.colcon_core.shell:Creating package script '/home/liu/sim_ws/install/commutils/share/commutils/package.zsh'
[3.036s] Level 1:colcon.colcon_core.environment:create_file_with_runtime_dependencies(/home/liu/sim_ws/install/commutils/share/colcon-core/packages/commutils)
[3.036s] DEBUG:colcon.colcon_parallel_executor.executor.parallel:closing loop
[3.037s] DEBUG:colcon.colcon_parallel_executor.executor.parallel:loop closed
[3.037s] DEBUG:colcon.colcon_parallel_executor.executor.parallel:run_until_complete finished with '0'
[3.037s] DEBUG:colcon.colcon_core.event_reactor:joining thread
[3.041s] INFO:colcon.colcon_core.plugin_system:Skipping extension 'colcon_notification.desktop_notification.terminal_notifier': Not used on non-Darwin systems
[3.041s] INFO:colcon.colcon_core.plugin_system:Skipping extension 'colcon_notification.desktop_notification.win32': Not used on non-Windows systems
[3.041s] INFO:colcon.colcon_notification.desktop_notification:Sending desktop notification using 'notify2'
[3.052s] DEBUG:colcon.colcon_core.event_reactor:joined thread
[3.053s] INFO:colcon.colcon_core.shell:Creating prefix script '/home/liu/sim_ws/install/local_setup.ps1'
[3.056s] INFO:colcon.colcon_core.shell:Creating prefix util module '/home/liu/sim_ws/install/_local_setup_util_ps1.py'
[3.057s] INFO:colcon.colcon_core.shell:Creating prefix chain script '/home/liu/sim_ws/install/setup.ps1'
[3.058s] INFO:colcon.colcon_core.shell:Creating prefix script '/home/liu/sim_ws/install/local_setup.sh'
[3.058s] INFO:colcon.colcon_core.shell:Creating prefix util module '/home/liu/sim_ws/install/_local_setup_util_sh.py'
[3.059s] INFO:colcon.colcon_core.shell:Creating prefix chain script '/home/liu/sim_ws/install/setup.sh'
[3.060s] INFO:colcon.colcon_core.shell:Creating prefix script '/home/liu/sim_ws/install/local_setup.bash'
[3.060s] INFO:colcon.colcon_core.shell:Creating prefix chain script '/home/liu/sim_ws/install/setup.bash'
[3.061s] INFO:colcon.colcon_core.shell:Creating prefix script '/home/liu/sim_ws/install/local_setup.zsh'
[3.062s] INFO:colcon.colcon_core.shell:Creating prefix chain script '/home/liu/sim_ws/install/setup.zsh'
