[0.011s] Invoking command in '/home/liu/sim_ws/build/commutils': CONDA_PROMPT_MODIFIER=(mujoco) /usr/bin/cmake --build /home/liu/sim_ws/build/commutils -- -j12 -l12
[0.050s] [35m[1mConsolidate compiler generated dependencies of target test_commutils[0m
[0.078s] [100%] Built target test_commutils
[0.171s] Invoked command in '/home/liu/sim_ws/build/commutils' returned '0': CONDA_PROMPT_MODIFIER=(mujoco) /usr/bin/cmake --build /home/liu/sim_ws/build/commutils -- -j12 -l12
[0.172s] Invoking command in '/home/liu/sim_ws/build/commutils': CONDA_PROMPT_MODIFIER=(mujoco) /usr/bin/cmake --install /home/liu/sim_ws/build/commutils
[0.176s] -- Install configuration: ""
[0.176s] -- Up-to-date: /home/liu/sim_ws/install/commutils/include
[0.176s] -- Up-to-date: /home/liu/sim_ws/install/commutils/include/commutils
[0.176s] -- Up-to-date: /home/liu/sim_ws/install/commutils/include/commutils/yaml
[0.176s] -- Up-to-date: /home/liu/sim_ws/install/commutils/include/commutils/yaml/yaml_eigen.hpp
[0.176s] -- Up-to-date: /home/liu/sim_ws/install/commutils/include/commutils/yaml/yaml_tools.hpp
[0.176s] -- Up-to-date: /home/liu/sim_ws/install/commutils/include/commutils/yaml/yaml_cpp_fwd.hpp
[0.176s] -- Up-to-date: /home/liu/sim_ws/install/commutils/include/commutils/csv
[0.176s] -- Up-to-date: /home/liu/sim_ws/install/commutils/include/commutils/csv/csv_writer.hpp
[0.176s] -- Up-to-date: /home/liu/sim_ws/install/commutils/share/commutils/cmake/commutilsConfig.cmake
[0.177s] -- Up-to-date: /home/liu/sim_ws/install/commutils/share/commutils/cmake/commutilsConfigVersion.cmake
[0.177s] -- Up-to-date: /home/liu/sim_ws/install/commutils/share/commutils/cmake/commutilsTargets.cmake
[0.177s] -- Up-to-date: /home/liu/sim_ws/install/commutils/lib/python3.10/site-packages/commutils
[0.177s] -- Up-to-date: /home/liu/sim_ws/install/commutils/lib/python3.10/site-packages/commutils/yaml_parser.py
[0.177s] -- Up-to-date: /home/liu/sim_ws/install/commutils/lib/python3.10/site-packages/commutils/__init__.py
[0.189s] Invoked command in '/home/liu/sim_ws/build/commutils' returned '0': CONDA_PROMPT_MODIFIER=(mujoco) /usr/bin/cmake --install /home/liu/sim_ws/build/commutils
